<?xml version="1.0" encoding="UTF-8"?>
<testng-results ignored="0" total="3" passed="3" failed="0" skipped="0">
  <reporter-output>
  </reporter-output>
  <suite started-at="2023-05-03T20:39:47 IST" name="Default suite" finished-at="2023-05-03T20:39:49 IST" duration-ms="1221">
    <groups>
    </groups>
    <test started-at="2023-05-03T20:39:47 IST" name="Default test" finished-at="2023-05-03T20:39:49 IST" duration-ms="1221">
      <class name="practice.Dataproviderusingexcel">
        <test-method signature="readData(java.lang.String,java.lang.String)[pri:0, instance:practice.Dataproviderusingexcel@1a451d4d]" started-at="2023-05-03T20:39:49 IST" name="readData" data-provider="getData" finished-at="2023-05-03T20:39:49 IST" duration-ms="18" status="PASS">
          <params>
            <param index="0">
              <value>
                <![CDATA[Banglore]]>
              </value>
            </param>
            <param index="1">
              <value>
                <![CDATA[Hassan]]>
              </value>
            </param>
          </params>
          <reporter-output>
          </reporter-output>
        </test-method> <!-- readData -->
        <test-method signature="readData(java.lang.String,java.lang.String)[pri:0, instance:practice.Dataproviderusingexcel@1a451d4d]" started-at="2023-05-03T20:39:49 IST" name="readData" data-provider="getData" finished-at="2023-05-03T20:39:49 IST" duration-ms="7" status="PASS">
          <params>
            <param index="0">
              <value>
                <![CDATA[Hassan]]>
              </value>
            </param>
            <param index="1">
              <value>
                <![CDATA[Mysore]]>
              </value>
            </param>
          </params>
          <reporter-output>
          </reporter-output>
        </test-method> <!-- readData -->
        <test-method signature="readData(java.lang.String,java.lang.String)[pri:0, instance:practice.Dataproviderusingexcel@1a451d4d]" started-at="2023-05-03T20:39:49 IST" name="readData" data-provider="getData" finished-at="2023-05-03T20:39:49 IST" duration-ms="5" status="PASS">
          <params>
            <param index="0">
              <value>
                <![CDATA[Mysore]]>
              </value>
            </param>
            <param index="1">
              <value>
                <![CDATA[Banglore]]>
              </value>
            </param>
          </params>
          <reporter-output>
          </reporter-output>
        </test-method> <!-- readData -->
      </class> <!-- practice.Dataproviderusingexcel -->
    </test> <!-- Default test -->
  </suite> <!-- Default suite -->
</testng-results>
