<?xml version="1.0" encoding="UTF-8"?>
<!-- Generated by org.testng.reporters.JUnitXMLReporter -->
<testsuite ignored="0" hostname="Dell" failures="0" tests="3" name="Default test" time="1.221" errors="0" timestamp="2023-05-03T20:39:49 IST">
  <testcase classname="practice.Dataproviderusingexcel" name="readData" time="0.018"/>
  <testcase classname="practice.Dataproviderusingexcel" name="readData" time="0.007"/>
  <testcase classname="practice.Dataproviderusingexcel" name="readData" time="0.005"/>
</testsuite> <!-- Default test -->
