<?xml version="1.0" encoding="UTF-8"?>
<!-- Generated by org.testng.reporters.JUnitXMLReporter -->
<testsuite ignored="4" hostname="Dell" failures="0" tests="2" name="Test" time="78.198" errors="0" timestamp="2023-05-05T14:14:06 IST">
  <testcase classname="campaigns.CeateCampaignwithProductTest" name="CeateCampaignwithProduct" time="29.167"/>
  <testcase classname="campaigns.CreateCampaignTest" name="CreateCampaign" time="20.054"/>
  <testcase classname="generic_utility.BaseClass" name="@AfterTest AT" time="0.0">
    <ignored/>
  </testcase> <!-- @AfterTest AT -->
  <testcase classname="generic_utility.BaseClass" name="@BeforeTest BT" time="0.0">
    <ignored/>
  </testcase> <!-- @BeforeTest BT -->
  <testcase classname="generic_utility.BaseClass" name="@AfterSuite AS" time="0.0">
    <ignored/>
  </testcase> <!-- @AfterSuite AS -->
  <testcase classname="generic_utility.BaseClass" name="@BeforeSuite BS" time="0.0">
    <ignored/>
  </testcase> <!-- @BeforeSuite BS -->
</testsuite> <!-- Test -->
